<?xml version="1.0" encoding="UTF-8"?>
<testsuite name="com.lemint.book.springboot.web.domain.posts.PostsRepositoryTests" tests="2" skipped="0" failures="0" errors="0" timestamp="2022-07-11T13:58:14" hostname="JE-KIM-MBP.local" time="0.031">
  <properties/>
  <testcase name="BaseEntity_등록" classname="com.lemint.book.springboot.web.domain.posts.PostsRepositoryTests" time="0.02"/>
  <testcase name="saveAndGet" classname="com.lemint.book.springboot.web.domain.posts.PostsRepositoryTests" time="0.01"/>
  <system-out><![CDATA[2022-07-11 22:58:13.447  INFO 7275 --- [    Test worker] .b.t.c.SpringBootTestContextBootstrapper : Neither @ContextConfiguration nor @ContextHierarchy found for test class [com.lemint.book.springboot.web.domain.posts.PostsRepositoryTests], using SpringBootContextLoader
2022-07-11 22:58:13.447  INFO 7275 --- [    Test worker] o.s.t.c.support.AbstractContextLoader    : Could not detect default resource locations for test class [com.lemint.book.springboot.web.domain.posts.PostsRepositoryTests]: no resource found for suffixes {-context.xml, Context.groovy}.
2022-07-11 22:58:13.447  INFO 7275 --- [    Test worker] t.c.s.AnnotationConfigContextLoaderUtils : Could not detect default configuration classes for test class [com.lemint.book.springboot.web.domain.posts.PostsRepositoryTests]: PostsRepositoryTests does not declare any static, non-private, non-final, nested classes annotated with @Configuration.
2022-07-11 22:58:13.459  INFO 7275 --- [    Test worker] .b.t.c.SpringBootTestContextBootstrapper : Found @SpringBootConfiguration com.lemint.book.springboot.Application for test class com.lemint.book.springboot.web.domain.posts.PostsRepositoryTests
2022-07-11 22:58:13.461  INFO 7275 --- [    Test worker] .b.t.c.SpringBootTestContextBootstrapper : Loaded default TestExecutionListener class names from location [META-INF/spring.factories]: [org.springframework.security.test.context.support.WithSecurityContextTestExecutionListener, org.springframework.security.test.context.support.ReactorContextTestExecutionListener, org.springframework.boot.test.autoconfigure.restdocs.RestDocsTestExecutionListener, org.springframework.boot.test.autoconfigure.web.client.MockRestServiceServerResetTestExecutionListener, org.springframework.boot.test.autoconfigure.web.servlet.MockMvcPrintOnlyOnFailureTestExecutionListener, org.springframework.boot.test.autoconfigure.web.servlet.WebDriverTestExecutionListener, org.springframework.boot.test.mock.mockito.MockitoTestExecutionListener, org.springframework.boot.test.mock.mockito.ResetMocksTestExecutionListener, org.springframework.test.context.web.ServletTestExecutionListener, org.springframework.test.context.support.DirtiesContextBeforeModesTestExecutionListener, org.springframework.test.context.support.DependencyInjectionTestExecutionListener, org.springframework.test.context.support.DirtiesContextTestExecutionListener, org.springframework.test.context.transaction.TransactionalTestExecutionListener, org.springframework.test.context.jdbc.SqlScriptsTestExecutionListener]
2022-07-11 22:58:13.462  INFO 7275 --- [    Test worker] .b.t.c.SpringBootTestContextBootstrapper : Using TestExecutionListeners: [org.springframework.test.context.web.ServletTestExecutionListener@4a648b35, org.springframework.test.context.support.DirtiesContextBeforeModesTestExecutionListener@673a702a, org.springframework.boot.test.mock.mockito.MockitoTestExecutionListener@75c5ab79, org.springframework.boot.test.autoconfigure.SpringBootDependencyInjectionTestExecutionListener@3e7c66b3, org.springframework.test.context.support.DirtiesContextTestExecutionListener@502f6f6a, org.springframework.test.context.transaction.TransactionalTestExecutionListener@64a0ee65, org.springframework.test.context.jdbc.SqlScriptsTestExecutionListener@3ce60feb, org.springframework.security.test.context.support.WithSecurityContextTestExecutionListener@61f2bf3a, org.springframework.security.test.context.support.ReactorContextTestExecutionListener@4a0dd851, org.springframework.boot.test.autoconfigure.restdocs.RestDocsTestExecutionListener@293dd4b3, org.springframework.boot.test.autoconfigure.web.client.MockRestServiceServerResetTestExecutionListener@25a81f28, org.springframework.boot.test.autoconfigure.web.servlet.MockMvcPrintOnlyOnFailureTestExecutionListener@51577fc8, org.springframework.boot.test.autoconfigure.web.servlet.WebDriverTestExecutionListener@753cfae3, org.springframework.boot.test.mock.mockito.ResetMocksTestExecutionListener@326320bb]

  .   ____          _            __ _ _
 /\\ / ___'_ __ _ _(_)_ __  __ _ \ \ \ \
( ( )\___ | '_ | '_| | '_ \/ _` | \ \ \ \
 \\/  ___)| |_)| | | | | || (_| |  ) ) ) )
  '  |____| .__|_| |_|_| |_\__, | / / / /
 =========|_|==============|___/=/_/_/_/
 :: Spring Boot ::        (v2.1.9.RELEASE)

2022-07-11 22:58:13.503  INFO 7275 --- [    Test worker] c.l.b.s.w.d.posts.PostsRepositoryTests   : Starting PostsRepositoryTests on JE-KIM-MBP.local with PID 7275 (started by Mac in /Users/Mac/Desktop/study/study-aws-springboot)
2022-07-11 22:58:13.504  INFO 7275 --- [    Test worker] c.l.b.s.w.d.posts.PostsRepositoryTests   : The following profiles are active: oauth
2022-07-11 22:58:13.651  INFO 7275 --- [    Test worker] .s.d.r.c.RepositoryConfigurationDelegate : Bootstrapping Spring Data repositories in DEFAULT mode.
2022-07-11 22:58:13.665  INFO 7275 --- [    Test worker] .s.d.r.c.RepositoryConfigurationDelegate : Finished Spring Data repository scanning in 14ms. Found 2 repository interfaces.
2022-07-11 22:58:13.741  INFO 7275 --- [    Test worker] trationDelegate$BeanPostProcessorChecker : Bean 'org.springframework.transaction.annotation.ProxyTransactionManagementConfiguration' of type [org.springframework.transaction.annotation.ProxyTransactionManagementConfiguration$$EnhancerBySpringCGLIB$$ec713fa5] is not eligible for getting processed by all BeanPostProcessors (for example: not eligible for auto-proxying)
2022-07-11 22:58:13.813  INFO 7275 --- [    Test worker] com.zaxxer.hikari.HikariDataSource       : HikariPool-2 - Starting...
2022-07-11 22:58:13.814  INFO 7275 --- [    Test worker] com.zaxxer.hikari.HikariDataSource       : HikariPool-2 - Start completed.
2022-07-11 22:58:13.833  INFO 7275 --- [    Test worker] o.hibernate.jpa.internal.util.LogHelper  : HHH000204: Processing PersistenceUnitInfo [
	name: default
	...]
2022-07-11 22:58:13.840  INFO 7275 --- [    Test worker] org.hibernate.dialect.Dialect            : HHH000400: Using dialect: org.hibernate.dialect.H2Dialect
Hibernate: 
    
    drop table posts if exists
Hibernate: 
    
    drop table user if exists
Hibernate: 
    
    create table posts (
       id bigint generated by default as identity,
        created_date timestamp,
        modified_date timestamp,
        author varchar(255),
        content TEXT not null,
        title varchar(500) not null,
        primary key (id)
    )
Hibernate: 
    
    create table user (
       id bigint generated by default as identity,
        created_date timestamp,
        modified_date timestamp,
        email varchar(255),
        name varchar(255) not null,
        picture varchar(255),
        role varchar(255) not null,
        primary key (id)
    )
2022-07-11 22:58:13.884  INFO 7275 --- [    Test worker] o.h.t.schema.internal.SchemaCreatorImpl  : HHH000476: Executing import script 'org.hibernate.tool.schema.internal.exec.ScriptSourceInputNonExistentImpl@6c2fea95'
2022-07-11 22:58:13.884  INFO 7275 --- [    Test worker] j.LocalContainerEntityManagerFactoryBean : Initialized JPA EntityManagerFactory for persistence unit 'default'
2022-07-11 22:58:14.025  INFO 7275 --- [    Test worker] o.h.h.i.QueryTranslatorFactoryInitiator  : HHH000397: Using ASTQueryTranslatorFactory
2022-07-11 22:58:14.138  INFO 7275 --- [    Test worker] o.s.s.web.DefaultSecurityFilterChain     : Creating filter chain: any request, [org.springframework.security.web.context.request.async.WebAsyncManagerIntegrationFilter@3bde85b0, org.springframework.security.web.context.SecurityContextPersistenceFilter@bd8f424, org.springframework.security.web.header.HeaderWriterFilter@301608d, org.springframework.security.web.authentication.logout.LogoutFilter@4e739968, org.springframework.security.oauth2.client.web.OAuth2AuthorizationRequestRedirectFilter@6e48b9ed, org.springframework.security.oauth2.client.web.OAuth2LoginAuthenticationFilter@38ed9fb2, org.springframework.security.web.authentication.ui.DefaultLoginPageGeneratingFilter@2c634c0, org.springframework.security.web.authentication.ui.DefaultLogoutPageGeneratingFilter@22bf4d9d, org.springframework.security.web.savedrequest.RequestCacheAwareFilter@620ba2b0, org.springframework.security.web.servletapi.SecurityContextHolderAwareRequestFilter@6a06b374, org.springframework.security.web.authentication.AnonymousAuthenticationFilter@9930ff6, org.springframework.security.web.session.SessionManagementFilter@3c3a8246, org.springframework.security.web.access.ExceptionTranslationFilter@5ad67d82, org.springframework.security.web.access.intercept.FilterSecurityInterceptor@20072ff1]
2022-07-11 22:58:14.346  INFO 7275 --- [    Test worker] o.s.s.concurrent.ThreadPoolTaskExecutor  : Initializing ExecutorService 'applicationTaskExecutor'
2022-07-11 22:58:14.359  WARN 7275 --- [    Test worker] aWebConfiguration$JpaWebMvcConfiguration : spring.jpa.open-in-view is enabled by default. Therefore, database queries may be performed during view rendering. Explicitly configure spring.jpa.open-in-view to disable this warning
2022-07-11 22:58:14.380  INFO 7275 --- [    Test worker] o.s.b.a.w.s.WelcomePageHandlerMapping    : Adding welcome page template: index
2022-07-11 22:58:14.653  INFO 7275 --- [    Test worker] s.a.ScheduledAnnotationBeanPostProcessor : No TaskScheduler/ScheduledExecutorService bean found for scheduled processing
2022-07-11 22:58:14.655  INFO 7275 --- [    Test worker] c.l.b.s.w.d.posts.PostsRepositoryTests   : Started PostsRepositoryTests in 1.184 seconds (JVM running for 8.871)
Hibernate: 
    insert 
    into
        posts
        (id, created_date, modified_date, author, content, title) 
    values
        (null, ?, ?, ?, ?, ?)
Hibernate: 
    select
        posts0_.id as id1_0_,
        posts0_.created_date as created_2_0_,
        posts0_.modified_date as modified3_0_,
        posts0_.author as author4_0_,
        posts0_.content as content5_0_,
        posts0_.title as title6_0_ 
    from
        posts posts0_
>>>>>>>>> createDate = 2022-07-11T22:58:14.676370, modifiedDate = 2022-07-11T22:58:14.676370
Hibernate: 
    select
        posts0_.id as id1_0_,
        posts0_.created_date as created_2_0_,
        posts0_.modified_date as modified3_0_,
        posts0_.author as author4_0_,
        posts0_.content as content5_0_,
        posts0_.title as title6_0_ 
    from
        posts posts0_
Hibernate: 
    delete 
    from
        posts 
    where
        id=?
Hibernate: 
    insert 
    into
        posts
        (id, created_date, modified_date, author, content, title) 
    values
        (null, ?, ?, ?, ?, ?)
Hibernate: 
    select
        posts0_.id as id1_0_,
        posts0_.created_date as created_2_0_,
        posts0_.modified_date as modified3_0_,
        posts0_.author as author4_0_,
        posts0_.content as content5_0_,
        posts0_.title as title6_0_ 
    from
        posts posts0_
Hibernate: 
    select
        posts0_.id as id1_0_,
        posts0_.created_date as created_2_0_,
        posts0_.modified_date as modified3_0_,
        posts0_.author as author4_0_,
        posts0_.content as content5_0_,
        posts0_.title as title6_0_ 
    from
        posts posts0_
Hibernate: 
    delete 
    from
        posts 
    where
        id=?
]]></system-out>
  <system-err><![CDATA[]]></system-err>
</testsuite>
