<?xml version="1.0" encoding="UTF-8"?>
<testsuite name="com.lemint.book.springboot.web.domain.posts.PostsRepositoryTests" tests="2" skipped="0" failures="0" errors="0" timestamp="2022-07-08T02:16:33" hostname="JE-KIM-MBP.local" time="0.04">
  <properties/>
  <testcase name="BaseEntity_등록" classname="com.lemint.book.springboot.web.domain.posts.PostsRepositoryTests" time="0.032"/>
  <testcase name="saveAndGet" classname="com.lemint.book.springboot.web.domain.posts.PostsRepositoryTests" time="0.008"/>
  <system-out><![CDATA[2022-07-08 11:16:32.560  INFO 1787 --- [    Test worker] .b.t.c.SpringBootTestContextBootstrapper : Neither @ContextConfiguration nor @ContextHierarchy found for test class [com.lemint.book.springboot.web.domain.posts.PostsRepositoryTests], using SpringBootContextLoader
2022-07-08 11:16:32.561  INFO 1787 --- [    Test worker] o.s.t.c.support.AbstractContextLoader    : Could not detect default resource locations for test class [com.lemint.book.springboot.web.domain.posts.PostsRepositoryTests]: no resource found for suffixes {-context.xml, Context.groovy}.
2022-07-08 11:16:32.561  INFO 1787 --- [    Test worker] t.c.s.AnnotationConfigContextLoaderUtils : Could not detect default configuration classes for test class [com.lemint.book.springboot.web.domain.posts.PostsRepositoryTests]: PostsRepositoryTests does not declare any static, non-private, non-final, nested classes annotated with @Configuration.
2022-07-08 11:16:32.569  INFO 1787 --- [    Test worker] .b.t.c.SpringBootTestContextBootstrapper : Found @SpringBootConfiguration com.lemint.book.springboot.Application for test class com.lemint.book.springboot.web.domain.posts.PostsRepositoryTests
2022-07-08 11:16:32.570  INFO 1787 --- [    Test worker] .b.t.c.SpringBootTestContextBootstrapper : Loaded default TestExecutionListener class names from location [META-INF/spring.factories]: [org.springframework.security.test.context.support.WithSecurityContextTestExecutionListener, org.springframework.security.test.context.support.ReactorContextTestExecutionListener, org.springframework.boot.test.autoconfigure.restdocs.RestDocsTestExecutionListener, org.springframework.boot.test.autoconfigure.web.client.MockRestServiceServerResetTestExecutionListener, org.springframework.boot.test.autoconfigure.web.servlet.MockMvcPrintOnlyOnFailureTestExecutionListener, org.springframework.boot.test.autoconfigure.web.servlet.WebDriverTestExecutionListener, org.springframework.boot.test.mock.mockito.MockitoTestExecutionListener, org.springframework.boot.test.mock.mockito.ResetMocksTestExecutionListener, org.springframework.test.context.web.ServletTestExecutionListener, org.springframework.test.context.support.DirtiesContextBeforeModesTestExecutionListener, org.springframework.test.context.support.DependencyInjectionTestExecutionListener, org.springframework.test.context.support.DirtiesContextTestExecutionListener, org.springframework.test.context.transaction.TransactionalTestExecutionListener, org.springframework.test.context.jdbc.SqlScriptsTestExecutionListener]
2022-07-08 11:16:32.571  INFO 1787 --- [    Test worker] .b.t.c.SpringBootTestContextBootstrapper : Using TestExecutionListeners: [org.springframework.test.context.web.ServletTestExecutionListener@b3cbc0e, org.springframework.test.context.support.DirtiesContextBeforeModesTestExecutionListener@66e27ac9, org.springframework.boot.test.mock.mockito.MockitoTestExecutionListener@453bbb9b, org.springframework.boot.test.autoconfigure.SpringBootDependencyInjectionTestExecutionListener@170b27a7, org.springframework.test.context.support.DirtiesContextTestExecutionListener@79392584, org.springframework.test.context.transaction.TransactionalTestExecutionListener@cf82c58, org.springframework.test.context.jdbc.SqlScriptsTestExecutionListener@1407b93f, org.springframework.security.test.context.support.WithSecurityContextTestExecutionListener@5aff8207, org.springframework.security.test.context.support.ReactorContextTestExecutionListener@6a5a99d9, org.springframework.boot.test.autoconfigure.restdocs.RestDocsTestExecutionListener@278df226, org.springframework.boot.test.autoconfigure.web.client.MockRestServiceServerResetTestExecutionListener@eea69a9, org.springframework.boot.test.autoconfigure.web.servlet.MockMvcPrintOnlyOnFailureTestExecutionListener@28a33dc9, org.springframework.boot.test.autoconfigure.web.servlet.WebDriverTestExecutionListener@1609ed55, org.springframework.boot.test.mock.mockito.ResetMocksTestExecutionListener@5edd2170]

  .   ____          _            __ _ _
 /\\ / ___'_ __ _ _(_)_ __  __ _ \ \ \ \
( ( )\___ | '_ | '_| | '_ \/ _` | \ \ \ \
 \\/  ___)| |_)| | | | | || (_| |  ) ) ) )
  '  |____| .__|_| |_|_| |_\__, | / / / /
 =========|_|==============|___/=/_/_/_/
 :: Spring Boot ::        (v2.1.9.RELEASE)

2022-07-08 11:16:32.598  INFO 1787 --- [    Test worker] c.l.b.s.w.d.posts.PostsRepositoryTests   : Starting PostsRepositoryTests on JE-KIM-MBP.local with PID 1787 (started by Mac in /Users/Mac/Desktop/study/study-aws-springboot)
2022-07-08 11:16:32.599  INFO 1787 --- [    Test worker] c.l.b.s.w.d.posts.PostsRepositoryTests   : No active profile set, falling back to default profiles: default
2022-07-08 11:16:32.754  INFO 1787 --- [    Test worker] .s.d.r.c.RepositoryConfigurationDelegate : Bootstrapping Spring Data repositories in DEFAULT mode.
2022-07-08 11:16:32.766  INFO 1787 --- [    Test worker] .s.d.r.c.RepositoryConfigurationDelegate : Finished Spring Data repository scanning in 12ms. Found 1 repository interfaces.
2022-07-08 11:16:32.857  INFO 1787 --- [    Test worker] trationDelegate$BeanPostProcessorChecker : Bean 'org.springframework.transaction.annotation.ProxyTransactionManagementConfiguration' of type [org.springframework.transaction.annotation.ProxyTransactionManagementConfiguration$$EnhancerBySpringCGLIB$$bf44a326] is not eligible for getting processed by all BeanPostProcessors (for example: not eligible for auto-proxying)
2022-07-08 11:16:32.927  INFO 1787 --- [    Test worker] com.zaxxer.hikari.HikariDataSource       : HikariPool-2 - Starting...
2022-07-08 11:16:32.928  INFO 1787 --- [    Test worker] com.zaxxer.hikari.HikariDataSource       : HikariPool-2 - Start completed.
2022-07-08 11:16:32.942  INFO 1787 --- [    Test worker] o.hibernate.jpa.internal.util.LogHelper  : HHH000204: Processing PersistenceUnitInfo [
	name: default
	...]
2022-07-08 11:16:32.947  INFO 1787 --- [    Test worker] org.hibernate.dialect.Dialect            : HHH000400: Using dialect: org.hibernate.dialect.H2Dialect
Hibernate: 
    
    drop table posts if exists
Hibernate: 
    
    create table posts (
       id bigint generated by default as identity,
        created_date timestamp,
        modified_date timestamp,
        author varchar(255),
        content TEXT not null,
        title varchar(500) not null,
        primary key (id)
    )
2022-07-08 11:16:32.977  INFO 1787 --- [    Test worker] o.h.t.schema.internal.SchemaCreatorImpl  : HHH000476: Executing import script 'org.hibernate.tool.schema.internal.exec.ScriptSourceInputNonExistentImpl@7ce4498f'
2022-07-08 11:16:32.978  INFO 1787 --- [    Test worker] j.LocalContainerEntityManagerFactoryBean : Initialized JPA EntityManagerFactory for persistence unit 'default'
2022-07-08 11:16:33.247  INFO 1787 --- [    Test worker] o.s.s.concurrent.ThreadPoolTaskExecutor  : Initializing ExecutorService 'applicationTaskExecutor'
2022-07-08 11:16:33.259  WARN 1787 --- [    Test worker] aWebConfiguration$JpaWebMvcConfiguration : spring.jpa.open-in-view is enabled by default. Therefore, database queries may be performed during view rendering. Explicitly configure spring.jpa.open-in-view to disable this warning
2022-07-08 11:16:33.328  WARN 1787 --- [    Test worker] o.s.b.a.m.MustacheAutoConfiguration      : Cannot find template location: classpath:/templates/ (please add some templates, check your Mustache configuration, or set spring.mustache.check-template-location=false)
2022-07-08 11:16:33.511  INFO 1787 --- [    Test worker] s.a.ScheduledAnnotationBeanPostProcessor : No TaskScheduler/ScheduledExecutorService bean found for scheduled processing
2022-07-08 11:16:33.513  INFO 1787 --- [    Test worker] c.l.b.s.w.d.posts.PostsRepositoryTests   : Started PostsRepositoryTests in 0.933 seconds (JVM running for 8.491)
Hibernate: 
    insert 
    into
        posts
        (id, created_date, modified_date, author, content, title) 
    values
        (null, ?, ?, ?, ?, ?)
2022-07-08 11:16:33.547  INFO 1787 --- [    Test worker] o.h.h.i.QueryTranslatorFactoryInitiator  : HHH000397: Using ASTQueryTranslatorFactory
Hibernate: 
    select
        posts0_.id as id1_0_,
        posts0_.created_date as created_2_0_,
        posts0_.modified_date as modified3_0_,
        posts0_.author as author4_0_,
        posts0_.content as content5_0_,
        posts0_.title as title6_0_ 
    from
        posts posts0_
>>>>>>>>> createDate = 2022-07-08T11:16:33.539936, modifiedDate = 2022-07-08T11:16:33.539936
Hibernate: 
    select
        posts0_.id as id1_0_,
        posts0_.created_date as created_2_0_,
        posts0_.modified_date as modified3_0_,
        posts0_.author as author4_0_,
        posts0_.content as content5_0_,
        posts0_.title as title6_0_ 
    from
        posts posts0_
Hibernate: 
    delete 
    from
        posts 
    where
        id=?
Hibernate: 
    insert 
    into
        posts
        (id, created_date, modified_date, author, content, title) 
    values
        (null, ?, ?, ?, ?, ?)
Hibernate: 
    select
        posts0_.id as id1_0_,
        posts0_.created_date as created_2_0_,
        posts0_.modified_date as modified3_0_,
        posts0_.author as author4_0_,
        posts0_.content as content5_0_,
        posts0_.title as title6_0_ 
    from
        posts posts0_
Hibernate: 
    select
        posts0_.id as id1_0_,
        posts0_.created_date as created_2_0_,
        posts0_.modified_date as modified3_0_,
        posts0_.author as author4_0_,
        posts0_.content as content5_0_,
        posts0_.title as title6_0_ 
    from
        posts posts0_
Hibernate: 
    delete 
    from
        posts 
    where
        id=?
]]></system-out>
  <system-err><![CDATA[]]></system-err>
</testsuite>
