<?xml version="1.0" encoding="UTF-8"?>
<testsuite name="com.lemint.book.springboot.web.IndexControllerTest" tests="1" skipped="0" failures="1" errors="0" timestamp="2022-07-25T07:52:44" hostname="JE-KIM-MBP.local" time="0.287">
  <properties/>
  <testcase name="메인페이지_로딩" classname="com.lemint.book.springboot.web.IndexControllerTest" time="0.287">
    <failure message="java.lang.AssertionError: &#10;Expecting:&#10; &lt;&quot;&lt;!DOCTYPE HTML&gt;&#10;&lt;html&gt;&#10;&lt;head&gt;&#10;    &lt;title&gt;스프링부트 웹서비스&lt;/title&gt;&#10;    &lt;meta http-equiv=&quot;Content-Type&quot; content=&quot;text/html; charset=UTF-8&quot; /&gt;&#10;&#10;    &lt;link rel=&quot;stylesheet&quot; href=&quot;https://stackpath.bootstrapcdn.com/bootstrap/4.3.1/css/bootstrap.min.css&quot;&gt;&#10;&lt;/head&gt;&#10;&lt;body&gt;&#10;&#10;&lt;h1&gt;스프링부트로 시작하는 웹 서비스 Ver.2&lt;/h1&gt;&#10;&lt;div class=&quot;col-md-12&quot;&gt;&#10;    &lt;div class=&quot;row&quot;&gt;&#10;        &lt;div class=&quot;col-md-6&quot;&gt;&#10;            &lt;a href=&quot;/posts/save&quot; role=&quot;button&quot; class=&quot;btn btn-primary&quot;&gt;글 등록&lt;/a&gt;&#10;               &lt;!-- 해당 값이 존재하지 안흔 경우에는 ^ 를 사용합니다. --&gt;&#10;                &lt;a href=&quot;/oauth2/authorization/google&quot; class=&quot;btn btn-success active&quot; role=&quot;button&quot;&gt;Google Login&lt;/a&gt;&#10;&#10;                &lt;a href=&quot;/oauth2/authorization/naver&quot; class=&quot;btn btn-secondary active&quot; role=&quot;button&quot;&gt;Naver Login&lt;/a&gt;&#10;        &lt;/div&gt;&#10;    &lt;/div&gt;&#10;    &lt;br&gt;&#10;    &lt;!-- 목록 출력 영역 --&gt;&#10;    &lt;table class=&quot;table table-horizontal table-bordered&quot;&gt;&#10;        &lt;thead class=&quot;thead-strong&quot;&gt;&#10;        &lt;tr&gt;&#10;            &lt;th&gt;게시글번호&lt;/th&gt;&#10;            &lt;th&gt;제목&lt;/th&gt;&#10;            &lt;th&gt;작성자&lt;/th&gt;&#10;            &lt;th&gt;최종수정일&lt;/th&gt;&#10;        &lt;/tr&gt;&#10;        &lt;/thead&gt;&#10;        &lt;tbody id=&quot;tbody&quot;&gt;&#10;        &lt;/tbody&gt;&#10;    &lt;/table&gt;&#10;&lt;/div&gt;&#10;&#10;&lt;script src=&quot;https://code.jquery.com/jquery-3.3.1.min.js&quot;&gt;&lt;/script&gt;&#10;&lt;script src=&quot;https://stackpath.bootstrapcdn.com/bootstrap/4.3.1/js/bootstrap.min.js&quot;&gt;&lt;/script&gt;&#10;&#10;&lt;!--index.js 추가--&gt;&#10;&lt;script src=&quot;/js/app/index.js&quot;&gt;&lt;/script&gt;&#10;&lt;/body&gt;&#10;&lt;/html&gt;&quot;&gt;&#10;to contain:&#10; &lt;&quot;스프링 부트로 시작하는 웹 서비스&quot;&gt; " type="java.lang.AssertionError">java.lang.AssertionError: 
Expecting:
 &lt;&quot;&lt;!DOCTYPE HTML&gt;
&lt;html&gt;
&lt;head&gt;
    &lt;title&gt;스프링부트 웹서비스&lt;/title&gt;
    &lt;meta http-equiv=&quot;Content-Type&quot; content=&quot;text/html; charset=UTF-8&quot; /&gt;

    &lt;link rel=&quot;stylesheet&quot; href=&quot;https://stackpath.bootstrapcdn.com/bootstrap/4.3.1/css/bootstrap.min.css&quot;&gt;
&lt;/head&gt;
&lt;body&gt;

&lt;h1&gt;스프링부트로 시작하는 웹 서비스 Ver.2&lt;/h1&gt;
&lt;div class=&quot;col-md-12&quot;&gt;
    &lt;div class=&quot;row&quot;&gt;
        &lt;div class=&quot;col-md-6&quot;&gt;
            &lt;a href=&quot;/posts/save&quot; role=&quot;button&quot; class=&quot;btn btn-primary&quot;&gt;글 등록&lt;/a&gt;
               &lt;!-- 해당 값이 존재하지 안흔 경우에는 ^ 를 사용합니다. --&gt;
                &lt;a href=&quot;/oauth2/authorization/google&quot; class=&quot;btn btn-success active&quot; role=&quot;button&quot;&gt;Google Login&lt;/a&gt;

                &lt;a href=&quot;/oauth2/authorization/naver&quot; class=&quot;btn btn-secondary active&quot; role=&quot;button&quot;&gt;Naver Login&lt;/a&gt;
        &lt;/div&gt;
    &lt;/div&gt;
    &lt;br&gt;
    &lt;!-- 목록 출력 영역 --&gt;
    &lt;table class=&quot;table table-horizontal table-bordered&quot;&gt;
        &lt;thead class=&quot;thead-strong&quot;&gt;
        &lt;tr&gt;
            &lt;th&gt;게시글번호&lt;/th&gt;
            &lt;th&gt;제목&lt;/th&gt;
            &lt;th&gt;작성자&lt;/th&gt;
            &lt;th&gt;최종수정일&lt;/th&gt;
        &lt;/tr&gt;
        &lt;/thead&gt;
        &lt;tbody id=&quot;tbody&quot;&gt;
        &lt;/tbody&gt;
    &lt;/table&gt;
&lt;/div&gt;

&lt;script src=&quot;https://code.jquery.com/jquery-3.3.1.min.js&quot;&gt;&lt;/script&gt;
&lt;script src=&quot;https://stackpath.bootstrapcdn.com/bootstrap/4.3.1/js/bootstrap.min.js&quot;&gt;&lt;/script&gt;

&lt;!--index.js 추가--&gt;
&lt;script src=&quot;/js/app/index.js&quot;&gt;&lt;/script&gt;
&lt;/body&gt;
&lt;/html&gt;&quot;&gt;
to contain:
 &lt;&quot;스프링 부트로 시작하는 웹 서비스&quot;&gt; 
	at com.lemint.book.springboot.web.IndexControllerTest.메인페이지_로딩(IndexControllerTest.java:25)
	at java.base/jdk.internal.reflect.NativeMethodAccessorImpl.invoke0(Native Method)
	at java.base/jdk.internal.reflect.NativeMethodAccessorImpl.invoke(NativeMethodAccessorImpl.java:62)
	at java.base/jdk.internal.reflect.DelegatingMethodAccessorImpl.invoke(DelegatingMethodAccessorImpl.java:43)
	at java.base/java.lang.reflect.Method.invoke(Method.java:566)
	at org.junit.runners.model.FrameworkMethod$1.runReflectiveCall(FrameworkMethod.java:50)
	at org.junit.internal.runners.model.ReflectiveCallable.run(ReflectiveCallable.java:12)
	at org.junit.runners.model.FrameworkMethod.invokeExplosively(FrameworkMethod.java:47)
	at org.junit.internal.runners.statements.InvokeMethod.evaluate(InvokeMethod.java:17)
	at org.springframework.test.context.junit4.statements.RunBeforeTestExecutionCallbacks.evaluate(RunBeforeTestExecutionCallbacks.java:74)
	at org.springframework.test.context.junit4.statements.RunAfterTestExecutionCallbacks.evaluate(RunAfterTestExecutionCallbacks.java:84)
	at org.springframework.test.context.junit4.statements.RunBeforeTestMethodCallbacks.evaluate(RunBeforeTestMethodCallbacks.java:75)
	at org.springframework.test.context.junit4.statements.RunAfterTestMethodCallbacks.evaluate(RunAfterTestMethodCallbacks.java:86)
	at org.springframework.test.context.junit4.statements.SpringRepeat.evaluate(SpringRepeat.java:84)
	at org.junit.runners.ParentRunner.runLeaf(ParentRunner.java:325)
	at org.springframework.test.context.junit4.SpringJUnit4ClassRunner.runChild(SpringJUnit4ClassRunner.java:251)
	at org.springframework.test.context.junit4.SpringJUnit4ClassRunner.runChild(SpringJUnit4ClassRunner.java:97)
	at org.junit.runners.ParentRunner$3.run(ParentRunner.java:290)
	at org.junit.runners.ParentRunner$1.schedule(ParentRunner.java:71)
	at org.junit.runners.ParentRunner.runChildren(ParentRunner.java:288)
	at org.junit.runners.ParentRunner.access$000(ParentRunner.java:58)
	at org.junit.runners.ParentRunner$2.evaluate(ParentRunner.java:268)
	at org.springframework.test.context.junit4.statements.RunBeforeTestClassCallbacks.evaluate(RunBeforeTestClassCallbacks.java:61)
	at org.springframework.test.context.junit4.statements.RunAfterTestClassCallbacks.evaluate(RunAfterTestClassCallbacks.java:70)
	at org.junit.runners.ParentRunner.run(ParentRunner.java:363)
	at org.springframework.test.context.junit4.SpringJUnit4ClassRunner.run(SpringJUnit4ClassRunner.java:190)
	at org.gradle.api.internal.tasks.testing.junit.JUnitTestClassExecutor.runTestClass(JUnitTestClassExecutor.java:110)
	at org.gradle.api.internal.tasks.testing.junit.JUnitTestClassExecutor.execute(JUnitTestClassExecutor.java:58)
	at org.gradle.api.internal.tasks.testing.junit.JUnitTestClassExecutor.execute(JUnitTestClassExecutor.java:38)
	at org.gradle.api.internal.tasks.testing.junit.AbstractJUnitTestClassProcessor.processTestClass(AbstractJUnitTestClassProcessor.java:62)
	at org.gradle.api.internal.tasks.testing.SuiteTestClassProcessor.processTestClass(SuiteTestClassProcessor.java:51)
	at java.base/jdk.internal.reflect.NativeMethodAccessorImpl.invoke0(Native Method)
	at java.base/jdk.internal.reflect.NativeMethodAccessorImpl.invoke(NativeMethodAccessorImpl.java:62)
	at java.base/jdk.internal.reflect.DelegatingMethodAccessorImpl.invoke(DelegatingMethodAccessorImpl.java:43)
	at java.base/java.lang.reflect.Method.invoke(Method.java:566)
	at org.gradle.internal.dispatch.ReflectionDispatch.dispatch(ReflectionDispatch.java:36)
	at org.gradle.internal.dispatch.ReflectionDispatch.dispatch(ReflectionDispatch.java:24)
	at org.gradle.internal.dispatch.ContextClassLoaderDispatch.dispatch(ContextClassLoaderDispatch.java:33)
	at org.gradle.internal.dispatch.ProxyDispatchAdapter$DispatchingInvocationHandler.invoke(ProxyDispatchAdapter.java:94)
	at com.sun.proxy.$Proxy2.processTestClass(Unknown Source)
	at org.gradle.api.internal.tasks.testing.worker.TestWorker$2.run(TestWorker.java:176)
	at org.gradle.api.internal.tasks.testing.worker.TestWorker.executeAndMaintainThreadName(TestWorker.java:129)
	at org.gradle.api.internal.tasks.testing.worker.TestWorker.execute(TestWorker.java:100)
	at org.gradle.api.internal.tasks.testing.worker.TestWorker.execute(TestWorker.java:60)
	at org.gradle.process.internal.worker.child.ActionExecutionWorker.execute(ActionExecutionWorker.java:56)
	at org.gradle.process.internal.worker.child.SystemApplicationClassLoaderWorker.call(SystemApplicationClassLoaderWorker.java:133)
	at org.gradle.process.internal.worker.child.SystemApplicationClassLoaderWorker.call(SystemApplicationClassLoaderWorker.java:71)
	at worker.org.gradle.process.internal.worker.GradleWorkerMain.run(GradleWorkerMain.java:69)
	at worker.org.gradle.process.internal.worker.GradleWorkerMain.main(GradleWorkerMain.java:74)
</failure>
  </testcase>
  <system-out><![CDATA[2022-07-25 16:52:39.553  INFO 4807 --- [    Test worker] .b.t.c.SpringBootTestContextBootstrapper : Neither @ContextConfiguration nor @ContextHierarchy found for test class [com.lemint.book.springboot.web.IndexControllerTest], using SpringBootContextLoader
2022-07-25 16:52:39.554  INFO 4807 --- [    Test worker] o.s.t.c.support.AbstractContextLoader    : Could not detect default resource locations for test class [com.lemint.book.springboot.web.IndexControllerTest]: no resource found for suffixes {-context.xml, Context.groovy}.
2022-07-25 16:52:39.554  INFO 4807 --- [    Test worker] t.c.s.AnnotationConfigContextLoaderUtils : Could not detect default configuration classes for test class [com.lemint.book.springboot.web.IndexControllerTest]: IndexControllerTest does not declare any static, non-private, non-final, nested classes annotated with @Configuration.
2022-07-25 16:52:39.556  INFO 4807 --- [    Test worker] .b.t.c.SpringBootTestContextBootstrapper : Found @SpringBootConfiguration com.lemint.book.springboot.Application for test class com.lemint.book.springboot.web.IndexControllerTest
2022-07-25 16:52:39.558  INFO 4807 --- [    Test worker] .b.t.c.SpringBootTestContextBootstrapper : Loaded default TestExecutionListener class names from location [META-INF/spring.factories]: [org.springframework.security.test.context.support.WithSecurityContextTestExecutionListener, org.springframework.security.test.context.support.ReactorContextTestExecutionListener, org.springframework.boot.test.autoconfigure.restdocs.RestDocsTestExecutionListener, org.springframework.boot.test.autoconfigure.web.client.MockRestServiceServerResetTestExecutionListener, org.springframework.boot.test.autoconfigure.web.servlet.MockMvcPrintOnlyOnFailureTestExecutionListener, org.springframework.boot.test.autoconfigure.web.servlet.WebDriverTestExecutionListener, org.springframework.boot.test.mock.mockito.MockitoTestExecutionListener, org.springframework.boot.test.mock.mockito.ResetMocksTestExecutionListener, org.springframework.test.context.web.ServletTestExecutionListener, org.springframework.test.context.support.DirtiesContextBeforeModesTestExecutionListener, org.springframework.test.context.support.DependencyInjectionTestExecutionListener, org.springframework.test.context.support.DirtiesContextTestExecutionListener, org.springframework.test.context.transaction.TransactionalTestExecutionListener, org.springframework.test.context.jdbc.SqlScriptsTestExecutionListener]
2022-07-25 16:52:39.559  INFO 4807 --- [    Test worker] .b.t.c.SpringBootTestContextBootstrapper : Using TestExecutionListeners: [org.springframework.test.context.web.ServletTestExecutionListener@4beae1e3, org.springframework.test.context.support.DirtiesContextBeforeModesTestExecutionListener@3c488b34, org.springframework.boot.test.mock.mockito.MockitoTestExecutionListener@32e697ac, org.springframework.boot.test.autoconfigure.SpringBootDependencyInjectionTestExecutionListener@3866c96e, org.springframework.test.context.support.DirtiesContextTestExecutionListener@241fc278, org.springframework.test.context.transaction.TransactionalTestExecutionListener@5c76fce4, org.springframework.test.context.jdbc.SqlScriptsTestExecutionListener@5aab5b31, org.springframework.security.test.context.support.WithSecurityContextTestExecutionListener@5408d4b3, org.springframework.security.test.context.support.ReactorContextTestExecutionListener@eded048, org.springframework.boot.test.autoconfigure.restdocs.RestDocsTestExecutionListener@65a48cab, org.springframework.boot.test.autoconfigure.web.client.MockRestServiceServerResetTestExecutionListener@655621fd, org.springframework.boot.test.autoconfigure.web.servlet.MockMvcPrintOnlyOnFailureTestExecutionListener@77e9dca8, org.springframework.boot.test.autoconfigure.web.servlet.WebDriverTestExecutionListener@fcd0e8d, org.springframework.boot.test.mock.mockito.ResetMocksTestExecutionListener@4e4d0a0b]

  .   ____          _            __ _ _
 /\\ / ___'_ __ _ _(_)_ __  __ _ \ \ \ \
( ( )\___ | '_ | '_| | '_ \/ _` | \ \ \ \
 \\/  ___)| |_)| | | | | || (_| |  ) ) ) )
  '  |____| .__|_| |_|_| |_\__, | / / / /
 =========|_|==============|___/=/_/_/_/
 :: Spring Boot ::        (v2.1.9.RELEASE)

2022-07-25 16:52:39.606  INFO 4807 --- [    Test worker] c.l.b.s.web.IndexControllerTest          : Starting IndexControllerTest on JE-KIM-MBP.local with PID 4807 (started by Mac in /Users/Mac/Desktop/study/study-aws-springboot)
2022-07-25 16:52:39.606  INFO 4807 --- [    Test worker] c.l.b.s.web.IndexControllerTest          : The following profiles are active: oauth
2022-07-25 16:52:40.012  INFO 4807 --- [    Test worker] .s.d.r.c.RepositoryConfigurationDelegate : Bootstrapping Spring Data repositories in DEFAULT mode.
2022-07-25 16:52:40.089  INFO 4807 --- [    Test worker] .s.d.r.c.RepositoryConfigurationDelegate : Finished Spring Data repository scanning in 65ms. Found 2 repository interfaces.
2022-07-25 16:52:40.395  INFO 4807 --- [    Test worker] trationDelegate$BeanPostProcessorChecker : Bean 'org.springframework.transaction.annotation.ProxyTransactionManagementConfiguration' of type [org.springframework.transaction.annotation.ProxyTransactionManagementConfiguration$$EnhancerBySpringCGLIB$$6b621caa] is not eligible for getting processed by all BeanPostProcessors (for example: not eligible for auto-proxying)
2022-07-25 16:52:40.710  INFO 4807 --- [    Test worker] o.s.b.w.embedded.tomcat.TomcatWebServer  : Tomcat initialized with port(s): 0 (http)
2022-07-25 16:52:40.758  INFO 4807 --- [    Test worker] o.apache.catalina.core.StandardService   : Starting service [Tomcat]
2022-07-25 16:52:40.758  INFO 4807 --- [    Test worker] org.apache.catalina.core.StandardEngine  : Starting Servlet engine: [Apache Tomcat/9.0.26]
2022-07-25 16:52:40.934  INFO 4807 --- [    Test worker] o.a.c.c.C.[Tomcat].[localhost].[/]       : Initializing Spring embedded WebApplicationContext
2022-07-25 16:52:40.934  INFO 4807 --- [    Test worker] o.s.web.context.ContextLoader            : Root WebApplicationContext: initialization completed in 1326 ms
2022-07-25 16:52:41.179  INFO 4807 --- [    Test worker] com.zaxxer.hikari.HikariDataSource       : HikariPool-1 - Starting...
2022-07-25 16:52:41.461  INFO 4807 --- [    Test worker] com.zaxxer.hikari.HikariDataSource       : HikariPool-1 - Start completed.
2022-07-25 16:52:41.570  INFO 4807 --- [    Test worker] o.hibernate.jpa.internal.util.LogHelper  : HHH000204: Processing PersistenceUnitInfo [
	name: default
	...]
2022-07-25 16:52:41.673  INFO 4807 --- [    Test worker] org.hibernate.Version                    : HHH000412: Hibernate Core {5.3.12.Final}
2022-07-25 16:52:41.676  INFO 4807 --- [    Test worker] org.hibernate.cfg.Environment            : HHH000206: hibernate.properties not found
2022-07-25 16:52:41.749  INFO 4807 --- [    Test worker] o.hibernate.annotations.common.Version   : HCANN000001: Hibernate Commons Annotations {5.0.4.Final}
2022-07-25 16:52:41.955  INFO 4807 --- [    Test worker] org.hibernate.dialect.Dialect            : HHH000400: Using dialect: org.hibernate.dialect.H2Dialect
Hibernate: 
    
    drop table posts if exists
Hibernate: 
    
    drop table user if exists
Hibernate: 
    
    create table posts (
       id bigint generated by default as identity,
        created_date timestamp,
        modified_date timestamp,
        author varchar(255),
        content TEXT not null,
        title varchar(500) not null,
        primary key (id)
    )
Hibernate: 
    
    create table user (
       id bigint generated by default as identity,
        created_date timestamp,
        modified_date timestamp,
        email varchar(255),
        name varchar(255) not null,
        picture varchar(255),
        role varchar(255) not null,
        primary key (id)
    )
2022-07-25 16:52:42.642  INFO 4807 --- [    Test worker] o.h.t.schema.internal.SchemaCreatorImpl  : HHH000476: Executing import script 'org.hibernate.tool.schema.internal.exec.ScriptSourceInputNonExistentImpl@1d6ed085'
2022-07-25 16:52:42.645  INFO 4807 --- [    Test worker] j.LocalContainerEntityManagerFactoryBean : Initialized JPA EntityManagerFactory for persistence unit 'default'
2022-07-25 16:52:43.282  INFO 4807 --- [    Test worker] o.h.h.i.QueryTranslatorFactoryInitiator  : HHH000397: Using ASTQueryTranslatorFactory
2022-07-25 16:52:43.562  INFO 4807 --- [    Test worker] o.s.s.web.DefaultSecurityFilterChain     : Creating filter chain: any request, [org.springframework.security.web.context.request.async.WebAsyncManagerIntegrationFilter@f111e97, org.springframework.security.web.context.SecurityContextPersistenceFilter@a8ef0c2, org.springframework.security.web.header.HeaderWriterFilter@7b0a69b9, org.springframework.security.web.authentication.logout.LogoutFilter@329cef32, org.springframework.security.oauth2.client.web.OAuth2AuthorizationRequestRedirectFilter@724e483f, org.springframework.security.oauth2.client.web.OAuth2LoginAuthenticationFilter@483f19c0, org.springframework.security.web.authentication.ui.DefaultLoginPageGeneratingFilter@4fe91eed, org.springframework.security.web.authentication.ui.DefaultLogoutPageGeneratingFilter@35d44cd3, org.springframework.security.web.savedrequest.RequestCacheAwareFilter@46c5747f, org.springframework.security.web.servletapi.SecurityContextHolderAwareRequestFilter@6eaa8abf, org.springframework.security.web.authentication.AnonymousAuthenticationFilter@64dc0a5f, org.springframework.security.web.session.SessionManagementFilter@6d398b6c, org.springframework.security.web.access.ExceptionTranslationFilter@4f1072ee, org.springframework.security.web.access.intercept.FilterSecurityInterceptor@3f2f6818]
2022-07-25 16:52:43.707  INFO 4807 --- [    Test worker] o.s.s.concurrent.ThreadPoolTaskExecutor  : Initializing ExecutorService 'applicationTaskExecutor'
2022-07-25 16:52:43.721  WARN 4807 --- [    Test worker] aWebConfiguration$JpaWebMvcConfiguration : spring.jpa.open-in-view is enabled by default. Therefore, database queries may be performed during view rendering. Explicitly configure spring.jpa.open-in-view to disable this warning
2022-07-25 16:52:43.747  INFO 4807 --- [    Test worker] o.s.b.a.w.s.WelcomePageHandlerMapping    : Adding welcome page template: index
2022-07-25 16:52:43.994  INFO 4807 --- [    Test worker] s.a.ScheduledAnnotationBeanPostProcessor : No TaskScheduler/ScheduledExecutorService bean found for scheduled processing
2022-07-25 16:52:44.025  INFO 4807 --- [    Test worker] o.s.b.w.embedded.tomcat.TomcatWebServer  : Tomcat started on port(s): 60353 (http) with context path ''
2022-07-25 16:52:44.026  INFO 4807 --- [    Test worker] c.l.b.s.web.IndexControllerTest          : Started IndexControllerTest in 4.464 seconds (JVM running for 8.592)
2022-07-25 16:52:44.117  INFO 4807 --- [o-auto-1-exec-1] o.a.c.c.C.[Tomcat].[localhost].[/]       : Initializing Spring DispatcherServlet 'dispatcherServlet'
2022-07-25 16:52:44.117  INFO 4807 --- [o-auto-1-exec-1] o.s.web.servlet.DispatcherServlet        : Initializing Servlet 'dispatcherServlet'
2022-07-25 16:52:44.141  INFO 4807 --- [o-auto-1-exec-1] o.s.web.servlet.DispatcherServlet        : Completed initialization in 24 ms
Hibernate: 
    select
        posts0_.id as id1_0_,
        posts0_.created_date as created_2_0_,
        posts0_.modified_date as modified3_0_,
        posts0_.author as author4_0_,
        posts0_.content as content5_0_,
        posts0_.title as title6_0_ 
    from
        posts posts0_ 
    order by
        posts0_.id DESC
]]></system-out>
  <system-err><![CDATA[]]></system-err>
</testsuite>
