<?xml version="1.0" encoding="UTF-8"?>
<testsuite name="com.lemint.book.springboot.web.PostsApiControllerTests" tests="2" skipped="0" failures="0" errors="0" timestamp="2022-07-25T07:52:44" hostname="JE-KIM-MBP.local" time="0.26">
  <properties/>
  <testcase name="Posts_등록된다" classname="com.lemint.book.springboot.web.PostsApiControllerTests" time="0.222"/>
  <testcase name="Posts_수정된다" classname="com.lemint.book.springboot.web.PostsApiControllerTests" time="0.037"/>
  <system-out><![CDATA[2022-07-25 16:52:44.322  INFO 4807 --- [    Test worker] .b.t.c.SpringBootTestContextBootstrapper : Neither @ContextConfiguration nor @ContextHierarchy found for test class [com.lemint.book.springboot.web.PostsApiControllerTests], using SpringBootContextLoader
2022-07-25 16:52:44.323  INFO 4807 --- [    Test worker] o.s.t.c.support.AbstractContextLoader    : Could not detect default resource locations for test class [com.lemint.book.springboot.web.PostsApiControllerTests]: no resource found for suffixes {-context.xml, Context.groovy}.
2022-07-25 16:52:44.323  INFO 4807 --- [    Test worker] t.c.s.AnnotationConfigContextLoaderUtils : Could not detect default configuration classes for test class [com.lemint.book.springboot.web.PostsApiControllerTests]: PostsApiControllerTests does not declare any static, non-private, non-final, nested classes annotated with @Configuration.
2022-07-25 16:52:44.325  INFO 4807 --- [    Test worker] .b.t.c.SpringBootTestContextBootstrapper : Found @SpringBootConfiguration com.lemint.book.springboot.Application for test class com.lemint.book.springboot.web.PostsApiControllerTests
2022-07-25 16:52:44.326  INFO 4807 --- [    Test worker] .b.t.c.SpringBootTestContextBootstrapper : Loaded default TestExecutionListener class names from location [META-INF/spring.factories]: [org.springframework.security.test.context.support.WithSecurityContextTestExecutionListener, org.springframework.security.test.context.support.ReactorContextTestExecutionListener, org.springframework.boot.test.autoconfigure.restdocs.RestDocsTestExecutionListener, org.springframework.boot.test.autoconfigure.web.client.MockRestServiceServerResetTestExecutionListener, org.springframework.boot.test.autoconfigure.web.servlet.MockMvcPrintOnlyOnFailureTestExecutionListener, org.springframework.boot.test.autoconfigure.web.servlet.WebDriverTestExecutionListener, org.springframework.boot.test.mock.mockito.MockitoTestExecutionListener, org.springframework.boot.test.mock.mockito.ResetMocksTestExecutionListener, org.springframework.test.context.web.ServletTestExecutionListener, org.springframework.test.context.support.DirtiesContextBeforeModesTestExecutionListener, org.springframework.test.context.support.DependencyInjectionTestExecutionListener, org.springframework.test.context.support.DirtiesContextTestExecutionListener, org.springframework.test.context.transaction.TransactionalTestExecutionListener, org.springframework.test.context.jdbc.SqlScriptsTestExecutionListener]
2022-07-25 16:52:44.326  INFO 4807 --- [    Test worker] .b.t.c.SpringBootTestContextBootstrapper : Using TestExecutionListeners: [org.springframework.test.context.web.ServletTestExecutionListener@59a49dbc, org.springframework.test.context.support.DirtiesContextBeforeModesTestExecutionListener@6dde03ce, org.springframework.boot.test.mock.mockito.MockitoTestExecutionListener@2b0df4ba, org.springframework.boot.test.autoconfigure.SpringBootDependencyInjectionTestExecutionListener@6f647464, org.springframework.test.context.support.DirtiesContextTestExecutionListener@12504d49, org.springframework.test.context.transaction.TransactionalTestExecutionListener@f8dfcbe, org.springframework.test.context.jdbc.SqlScriptsTestExecutionListener@4be171d1, org.springframework.security.test.context.support.WithSecurityContextTestExecutionListener@76afb9d, org.springframework.security.test.context.support.ReactorContextTestExecutionListener@17c0d43c, org.springframework.boot.test.autoconfigure.restdocs.RestDocsTestExecutionListener@77c8b276, org.springframework.boot.test.autoconfigure.web.client.MockRestServiceServerResetTestExecutionListener@37672aa7, org.springframework.boot.test.autoconfigure.web.servlet.MockMvcPrintOnlyOnFailureTestExecutionListener@670199c5, org.springframework.boot.test.autoconfigure.web.servlet.WebDriverTestExecutionListener@7671c02d, org.springframework.boot.test.mock.mockito.ResetMocksTestExecutionListener@44189797]
2022-07-25 16:52:44.341  INFO 4807 --- [    Test worker] o.a.c.c.C.[Tomcat].[localhost].[/]       : Initializing Spring TestDispatcherServlet ''
2022-07-25 16:52:44.341  INFO 4807 --- [    Test worker] o.s.t.web.servlet.TestDispatcherServlet  : Initializing Servlet ''
2022-07-25 16:52:44.345  INFO 4807 --- [    Test worker] o.s.t.web.servlet.TestDispatcherServlet  : Completed initialization in 4 ms
Hibernate: 
    insert 
    into
        posts
        (id, created_date, modified_date, author, content, title) 
    values
        (null, ?, ?, ?, ?, ?)
Hibernate: 
    select
        posts0_.id as id1_0_,
        posts0_.created_date as created_2_0_,
        posts0_.modified_date as modified3_0_,
        posts0_.author as author4_0_,
        posts0_.content as content5_0_,
        posts0_.title as title6_0_ 
    from
        posts posts0_
Hibernate: 
    select
        posts0_.id as id1_0_,
        posts0_.created_date as created_2_0_,
        posts0_.modified_date as modified3_0_,
        posts0_.author as author4_0_,
        posts0_.content as content5_0_,
        posts0_.title as title6_0_ 
    from
        posts posts0_
Hibernate: 
    delete 
    from
        posts 
    where
        id=?
2022-07-25 16:52:44.560  INFO 4807 --- [    Test worker] o.a.c.c.C.[Tomcat].[localhost].[/]       : Initializing Spring TestDispatcherServlet ''
2022-07-25 16:52:44.561  INFO 4807 --- [    Test worker] o.s.t.web.servlet.TestDispatcherServlet  : Initializing Servlet ''
2022-07-25 16:52:44.564  INFO 4807 --- [    Test worker] o.s.t.web.servlet.TestDispatcherServlet  : Completed initialization in 3 ms
Hibernate: 
    insert 
    into
        posts
        (id, created_date, modified_date, author, content, title) 
    values
        (null, ?, ?, ?, ?, ?)
Hibernate: 
    select
        posts0_.id as id1_0_0_,
        posts0_.created_date as created_2_0_0_,
        posts0_.modified_date as modified3_0_0_,
        posts0_.author as author4_0_0_,
        posts0_.content as content5_0_0_,
        posts0_.title as title6_0_0_ 
    from
        posts posts0_ 
    where
        posts0_.id=?
Hibernate: 
    update
        posts 
    set
        created_date=?,
        modified_date=?,
        author=?,
        content=?,
        title=? 
    where
        id=?
Hibernate: 
    select
        posts0_.id as id1_0_,
        posts0_.created_date as created_2_0_,
        posts0_.modified_date as modified3_0_,
        posts0_.author as author4_0_,
        posts0_.content as content5_0_,
        posts0_.title as title6_0_ 
    from
        posts posts0_
Hibernate: 
    select
        posts0_.id as id1_0_,
        posts0_.created_date as created_2_0_,
        posts0_.modified_date as modified3_0_,
        posts0_.author as author4_0_,
        posts0_.content as content5_0_,
        posts0_.title as title6_0_ 
    from
        posts posts0_
Hibernate: 
    delete 
    from
        posts 
    where
        id=?
]]></system-out>
  <system-err><![CDATA[]]></system-err>
</testsuite>
