<?xml version="1.0" encoding="UTF-8"?>
<testsuite name="com.lemint.book.springboot.web.domain.posts.PostsRepositoryTests" tests="2" skipped="0" failures="0" errors="0" timestamp="2022-07-25T07:52:45" hostname="JE-KIM-MBP.local" time="0.031">
  <properties/>
  <testcase name="BaseEntity_등록" classname="com.lemint.book.springboot.web.domain.posts.PostsRepositoryTests" time="0.021"/>
  <testcase name="saveAndGet" classname="com.lemint.book.springboot.web.domain.posts.PostsRepositoryTests" time="0.01"/>
  <system-out><![CDATA[2022-07-25 16:52:44.596  INFO 4807 --- [    Test worker] .b.t.c.SpringBootTestContextBootstrapper : Neither @ContextConfiguration nor @ContextHierarchy found for test class [com.lemint.book.springboot.web.domain.posts.PostsRepositoryTests], using SpringBootContextLoader
2022-07-25 16:52:44.597  INFO 4807 --- [    Test worker] o.s.t.c.support.AbstractContextLoader    : Could not detect default resource locations for test class [com.lemint.book.springboot.web.domain.posts.PostsRepositoryTests]: no resource found for suffixes {-context.xml, Context.groovy}.
2022-07-25 16:52:44.597  INFO 4807 --- [    Test worker] t.c.s.AnnotationConfigContextLoaderUtils : Could not detect default configuration classes for test class [com.lemint.book.springboot.web.domain.posts.PostsRepositoryTests]: PostsRepositoryTests does not declare any static, non-private, non-final, nested classes annotated with @Configuration.
2022-07-25 16:52:44.608  INFO 4807 --- [    Test worker] .b.t.c.SpringBootTestContextBootstrapper : Found @SpringBootConfiguration com.lemint.book.springboot.Application for test class com.lemint.book.springboot.web.domain.posts.PostsRepositoryTests
2022-07-25 16:52:44.610  INFO 4807 --- [    Test worker] .b.t.c.SpringBootTestContextBootstrapper : Loaded default TestExecutionListener class names from location [META-INF/spring.factories]: [org.springframework.security.test.context.support.WithSecurityContextTestExecutionListener, org.springframework.security.test.context.support.ReactorContextTestExecutionListener, org.springframework.boot.test.autoconfigure.restdocs.RestDocsTestExecutionListener, org.springframework.boot.test.autoconfigure.web.client.MockRestServiceServerResetTestExecutionListener, org.springframework.boot.test.autoconfigure.web.servlet.MockMvcPrintOnlyOnFailureTestExecutionListener, org.springframework.boot.test.autoconfigure.web.servlet.WebDriverTestExecutionListener, org.springframework.boot.test.mock.mockito.MockitoTestExecutionListener, org.springframework.boot.test.mock.mockito.ResetMocksTestExecutionListener, org.springframework.test.context.web.ServletTestExecutionListener, org.springframework.test.context.support.DirtiesContextBeforeModesTestExecutionListener, org.springframework.test.context.support.DependencyInjectionTestExecutionListener, org.springframework.test.context.support.DirtiesContextTestExecutionListener, org.springframework.test.context.transaction.TransactionalTestExecutionListener, org.springframework.test.context.jdbc.SqlScriptsTestExecutionListener]
2022-07-25 16:52:44.610  INFO 4807 --- [    Test worker] .b.t.c.SpringBootTestContextBootstrapper : Using TestExecutionListeners: [org.springframework.test.context.web.ServletTestExecutionListener@1268ac94, org.springframework.test.context.support.DirtiesContextBeforeModesTestExecutionListener@55c901b2, org.springframework.boot.test.mock.mockito.MockitoTestExecutionListener@7197b96c, org.springframework.boot.test.autoconfigure.SpringBootDependencyInjectionTestExecutionListener@105e9fef, org.springframework.test.context.support.DirtiesContextTestExecutionListener@47858d7c, org.springframework.test.context.transaction.TransactionalTestExecutionListener@5a5cd0af, org.springframework.test.context.jdbc.SqlScriptsTestExecutionListener@16cc5e51, org.springframework.security.test.context.support.WithSecurityContextTestExecutionListener@72090a80, org.springframework.security.test.context.support.ReactorContextTestExecutionListener@198c97d0, org.springframework.boot.test.autoconfigure.restdocs.RestDocsTestExecutionListener@25e9f5e6, org.springframework.boot.test.autoconfigure.web.client.MockRestServiceServerResetTestExecutionListener@512319dc, org.springframework.boot.test.autoconfigure.web.servlet.MockMvcPrintOnlyOnFailureTestExecutionListener@6bc45472, org.springframework.boot.test.autoconfigure.web.servlet.WebDriverTestExecutionListener@160b7ccd, org.springframework.boot.test.mock.mockito.ResetMocksTestExecutionListener@7c27ed2f]

  .   ____          _            __ _ _
 /\\ / ___'_ __ _ _(_)_ __  __ _ \ \ \ \
( ( )\___ | '_ | '_| | '_ \/ _` | \ \ \ \
 \\/  ___)| |_)| | | | | || (_| |  ) ) ) )
  '  |____| .__|_| |_|_| |_\__, | / / / /
 =========|_|==============|___/=/_/_/_/
 :: Spring Boot ::        (v2.1.9.RELEASE)

2022-07-25 16:52:44.653  INFO 4807 --- [    Test worker] c.l.b.s.w.d.posts.PostsRepositoryTests   : Starting PostsRepositoryTests on JE-KIM-MBP.local with PID 4807 (started by Mac in /Users/Mac/Desktop/study/study-aws-springboot)
2022-07-25 16:52:44.653  INFO 4807 --- [    Test worker] c.l.b.s.w.d.posts.PostsRepositoryTests   : The following profiles are active: oauth
2022-07-25 16:52:44.855  INFO 4807 --- [    Test worker] .s.d.r.c.RepositoryConfigurationDelegate : Bootstrapping Spring Data repositories in DEFAULT mode.
2022-07-25 16:52:44.877  INFO 4807 --- [    Test worker] .s.d.r.c.RepositoryConfigurationDelegate : Finished Spring Data repository scanning in 21ms. Found 2 repository interfaces.
2022-07-25 16:52:45.004  INFO 4807 --- [    Test worker] trationDelegate$BeanPostProcessorChecker : Bean 'org.springframework.transaction.annotation.ProxyTransactionManagementConfiguration' of type [org.springframework.transaction.annotation.ProxyTransactionManagementConfiguration$$EnhancerBySpringCGLIB$$6b621caa] is not eligible for getting processed by all BeanPostProcessors (for example: not eligible for auto-proxying)
2022-07-25 16:52:45.078  INFO 4807 --- [    Test worker] com.zaxxer.hikari.HikariDataSource       : HikariPool-2 - Starting...
2022-07-25 16:52:45.079  INFO 4807 --- [    Test worker] com.zaxxer.hikari.HikariDataSource       : HikariPool-2 - Start completed.
2022-07-25 16:52:45.096  INFO 4807 --- [    Test worker] o.hibernate.jpa.internal.util.LogHelper  : HHH000204: Processing PersistenceUnitInfo [
	name: default
	...]
2022-07-25 16:52:45.102  INFO 4807 --- [    Test worker] org.hibernate.dialect.Dialect            : HHH000400: Using dialect: org.hibernate.dialect.H2Dialect
Hibernate: 
    
    drop table posts if exists
Hibernate: 
    
    drop table user if exists
Hibernate: 
    
    create table posts (
       id bigint generated by default as identity,
        created_date timestamp,
        modified_date timestamp,
        author varchar(255),
        content TEXT not null,
        title varchar(500) not null,
        primary key (id)
    )
Hibernate: 
    
    create table user (
       id bigint generated by default as identity,
        created_date timestamp,
        modified_date timestamp,
        email varchar(255),
        name varchar(255) not null,
        picture varchar(255),
        role varchar(255) not null,
        primary key (id)
    )
2022-07-25 16:52:45.145  INFO 4807 --- [    Test worker] o.h.t.schema.internal.SchemaCreatorImpl  : HHH000476: Executing import script 'org.hibernate.tool.schema.internal.exec.ScriptSourceInputNonExistentImpl@1d6ed085'
2022-07-25 16:52:45.146  INFO 4807 --- [    Test worker] j.LocalContainerEntityManagerFactoryBean : Initialized JPA EntityManagerFactory for persistence unit 'default'
2022-07-25 16:52:45.296  INFO 4807 --- [    Test worker] o.h.h.i.QueryTranslatorFactoryInitiator  : HHH000397: Using ASTQueryTranslatorFactory
2022-07-25 16:52:45.422  INFO 4807 --- [    Test worker] o.s.s.web.DefaultSecurityFilterChain     : Creating filter chain: any request, [org.springframework.security.web.context.request.async.WebAsyncManagerIntegrationFilter@7bdbf06f, org.springframework.security.web.context.SecurityContextPersistenceFilter@6bab65b6, org.springframework.security.web.header.HeaderWriterFilter@7e864a8c, org.springframework.security.web.authentication.logout.LogoutFilter@5acbef42, org.springframework.security.oauth2.client.web.OAuth2AuthorizationRequestRedirectFilter@2eb6e166, org.springframework.security.oauth2.client.web.OAuth2LoginAuthenticationFilter@43b1fdb7, org.springframework.security.web.authentication.ui.DefaultLoginPageGeneratingFilter@6a7db16e, org.springframework.security.web.authentication.ui.DefaultLogoutPageGeneratingFilter@1c1bc904, org.springframework.security.web.savedrequest.RequestCacheAwareFilter@7f6b3f4c, org.springframework.security.web.servletapi.SecurityContextHolderAwareRequestFilter@33f5d807, org.springframework.security.web.authentication.AnonymousAuthenticationFilter@53fa630, org.springframework.security.web.session.SessionManagementFilter@5e60e639, org.springframework.security.web.access.ExceptionTranslationFilter@5748638c, org.springframework.security.web.access.intercept.FilterSecurityInterceptor@3b6b9981]
2022-07-25 16:52:45.630  INFO 4807 --- [    Test worker] o.s.s.concurrent.ThreadPoolTaskExecutor  : Initializing ExecutorService 'applicationTaskExecutor'
2022-07-25 16:52:45.641  WARN 4807 --- [    Test worker] aWebConfiguration$JpaWebMvcConfiguration : spring.jpa.open-in-view is enabled by default. Therefore, database queries may be performed during view rendering. Explicitly configure spring.jpa.open-in-view to disable this warning
2022-07-25 16:52:45.665  INFO 4807 --- [    Test worker] o.s.b.a.w.s.WelcomePageHandlerMapping    : Adding welcome page template: index
2022-07-25 16:52:45.887  INFO 4807 --- [    Test worker] s.a.ScheduledAnnotationBeanPostProcessor : No TaskScheduler/ScheduledExecutorService bean found for scheduled processing
2022-07-25 16:52:45.889  INFO 4807 --- [    Test worker] c.l.b.s.w.d.posts.PostsRepositoryTests   : Started PostsRepositoryTests in 1.277 seconds (JVM running for 10.455)
Hibernate: 
    insert 
    into
        posts
        (id, created_date, modified_date, author, content, title) 
    values
        (null, ?, ?, ?, ?, ?)
Hibernate: 
    select
        posts0_.id as id1_0_,
        posts0_.created_date as created_2_0_,
        posts0_.modified_date as modified3_0_,
        posts0_.author as author4_0_,
        posts0_.content as content5_0_,
        posts0_.title as title6_0_ 
    from
        posts posts0_
>>>>>>>>> createDate = 2022-07-25T16:52:45.904059, modifiedDate = 2022-07-25T16:52:45.904059
Hibernate: 
    select
        posts0_.id as id1_0_,
        posts0_.created_date as created_2_0_,
        posts0_.modified_date as modified3_0_,
        posts0_.author as author4_0_,
        posts0_.content as content5_0_,
        posts0_.title as title6_0_ 
    from
        posts posts0_
Hibernate: 
    delete 
    from
        posts 
    where
        id=?
Hibernate: 
    insert 
    into
        posts
        (id, created_date, modified_date, author, content, title) 
    values
        (null, ?, ?, ?, ?, ?)
Hibernate: 
    select
        posts0_.id as id1_0_,
        posts0_.created_date as created_2_0_,
        posts0_.modified_date as modified3_0_,
        posts0_.author as author4_0_,
        posts0_.content as content5_0_,
        posts0_.title as title6_0_ 
    from
        posts posts0_
Hibernate: 
    select
        posts0_.id as id1_0_,
        posts0_.created_date as created_2_0_,
        posts0_.modified_date as modified3_0_,
        posts0_.author as author4_0_,
        posts0_.content as content5_0_,
        posts0_.title as title6_0_ 
    from
        posts posts0_
Hibernate: 
    delete 
    from
        posts 
    where
        id=?
]]></system-out>
  <system-err><![CDATA[]]></system-err>
</testsuite>
